<?xml version="1.0" encoding="UTF-8"?>
<!-- Generated by org.testng.reporters.JUnitReportReporter -->
<testsuite skipped="0" hostname="DESKTOP-41ILLCD" name="scripts.TestRegistrationStartUp" tests="2" failures="0" timestamp="09 Jan 2018 11:36:38 GMT" time="56.789" errors="0">
  <testcase name="registerStartUpExisting" time="34.451" classname="scripts.TestRegistrationStartUp"/>
  <testcase name="registerStartUpNew" time="22.338" classname="scripts.TestRegistrationStartUp"/>
</testsuite> <!-- scripts.TestRegistrationStartUp -->
