<?xml version="1.0" encoding="UTF-8"?>
<!-- Generated by org.testng.reporters.JUnitReportReporter -->
<testsuite hostname="DESKTOP-41ILLCD" failures="0" tests="1" name="scripts.TestProductMyProfile" time="131.710" errors="0" timestamp="15 Feb 2018 19:45:10 GMT">
  <testcase classname="scripts.TestProductMyProfile" name="testProduct" time="131.710"/>
</testsuite> <!-- scripts.TestProductMyProfile -->
