<?xml version="1.0" encoding="UTF-8"?>
<!-- Generated by org.testng.reporters.JUnitReportReporter -->
<testsuite hostname="DESKTOP-41ILLCD" name="scripts.TestLoginStartUp" tests="1" failures="0" timestamp="10 Jan 2018 11:33:14 GMT" time="30.870" errors="0">
  <testcase name="loginStartUp" time="30.870" classname="scripts.TestLoginStartUp"/>
</testsuite> <!-- scripts.TestLoginStartUp -->
